c:\users\krzys\source\repos\so2_projekt\so2_projekt\debug\vc142.pdb
c:\users\krzys\source\repos\so2_projekt\so2_projekt\debug\vc142.idb
c:\users\krzys\source\repos\so2_projekt\so2_projekt\debug\table.obj
c:\users\krzys\source\repos\so2_projekt\so2_projekt\debug\student.obj
c:\users\krzys\source\repos\so2_projekt\so2_projekt\debug\so2_projekt.obj
c:\users\krzys\source\repos\so2_projekt\so2_projekt\debug\finder.obj
c:\users\krzys\source\repos\so2_projekt\debug\so2_projekt.ilk
c:\users\krzys\source\repos\so2_projekt\debug\so2_projekt.exe
c:\users\krzys\source\repos\so2_projekt\debug\so2_projekt.pdb
c:\users\krzys\source\repos\so2_projekt\so2_projekt\debug\so2_projekt.tlog\cl.command.1.tlog
c:\users\krzys\source\repos\so2_projekt\so2_projekt\debug\so2_projekt.tlog\cl.read.1.tlog
c:\users\krzys\source\repos\so2_projekt\so2_projekt\debug\so2_projekt.tlog\cl.write.1.tlog
c:\users\krzys\source\repos\so2_projekt\so2_projekt\debug\so2_projekt.tlog\link-cvtres.read.1.tlog
c:\users\krzys\source\repos\so2_projekt\so2_projekt\debug\so2_projekt.tlog\link-cvtres.write.1.tlog
c:\users\krzys\source\repos\so2_projekt\so2_projekt\debug\so2_projekt.tlog\link-rc.read.1.tlog
c:\users\krzys\source\repos\so2_projekt\so2_projekt\debug\so2_projekt.tlog\link-rc.write.1.tlog
c:\users\krzys\source\repos\so2_projekt\so2_projekt\debug\so2_projekt.tlog\link.19352-cvtres.read.1.tlog
c:\users\krzys\source\repos\so2_projekt\so2_projekt\debug\so2_projekt.tlog\link.19352-cvtres.write.1.tlog
c:\users\krzys\source\repos\so2_projekt\so2_projekt\debug\so2_projekt.tlog\link.19352-rc.read.1.tlog
c:\users\krzys\source\repos\so2_projekt\so2_projekt\debug\so2_projekt.tlog\link.19352-rc.write.1.tlog
c:\users\krzys\source\repos\so2_projekt\so2_projekt\debug\so2_projekt.tlog\link.19352.read.1.tlog
c:\users\krzys\source\repos\so2_projekt\so2_projekt\debug\so2_projekt.tlog\link.19352.write.1.tlog
c:\users\krzys\source\repos\so2_projekt\so2_projekt\debug\so2_projekt.tlog\link.command.1.tlog
c:\users\krzys\source\repos\so2_projekt\so2_projekt\debug\so2_projekt.tlog\link.read.1.tlog
c:\users\krzys\source\repos\so2_projekt\so2_projekt\debug\so2_projekt.tlog\link.write.1.tlog
